{
  "RSpec": {
    "coverage": {
      "/Users/sam/turing/3mod/consultancy/fe-touch-grass-2311/app/models/plant.rb": {
        "lines": [
          1,
          1,
          null,
          1,
          2,
          2,
          2,
          2,
          2,
          2,
          null,
          null,
          null,
          null,
          null,
          null,
          null
        ]
      },
      "/Users/sam/turing/3mod/consultancy/fe-touch-grass-2311/spec/services/plant_service_spec.rb": {
        "lines": [
          1,
          1,
          null,
          1,
          1,
          1,
          1,
          1,
          null,
          1,
          null,
          1,
          null,
          null,
          null,
          1,
          1,
          1,
          1,
          null,
          1,
          null,
          1,
          null,
          null,
          null,
          1,
          1,
          1,
          1,
          null,
          null,
          null,
          1,
          null,
          1,
          null,
          null,
          null
        ]
      },
      "/Users/sam/turing/3mod/consultancy/fe-touch-grass-2311/app/services/plant_service.rb": {
        "lines": [
          1,
          1,
          null,
          1,
          1,
          1,
          null,
          null,
          1,
          1,
          1,
          null,
          null,
          1,
          1,
          1,
          null,
          null
        ]
      },
      "/Users/sam/turing/3mod/consultancy/fe-touch-grass-2311/spec/views/about_us/index.html.erb_spec.rb": {
        "lines": [
          1,
          null,
          1,
          1,
          null
        ]
      },
      "/Users/sam/turing/3mod/consultancy/fe-touch-grass-2311/spec/views/plants/index.html.erb_spec.rb": {
        "lines": [
          1,
          null,
          1,
          1,
          null
        ]
      },
      "/Users/sam/turing/3mod/consultancy/fe-touch-grass-2311/spec/views/search/index.html.erb_spec.rb": {
        "lines": [
          1,
          null,
          1,
          1,
          null
        ]
      },
      "/Users/sam/turing/3mod/consultancy/fe-touch-grass-2311/spec/views/sessions/create.html.erb_spec.rb": {
        "lines": [
          1,
          null,
          1,
          1,
          null
        ]
      },
      "/Users/sam/turing/3mod/consultancy/fe-touch-grass-2311/spec/views/sessions/destroy.html.erb_spec.rb": {
        "lines": [
          1,
          null,
          1,
          1,
          null
        ]
      },
      "/Users/sam/turing/3mod/consultancy/fe-touch-grass-2311/spec/views/sessions/new.html.erb_spec.rb": {
        "lines": [
          1,
          null,
          1,
          1,
          null
        ]
      },
      "/Users/sam/turing/3mod/consultancy/fe-touch-grass-2311/spec/views/users/create.html.erb_spec.rb": {
        "lines": [
          1,
          null,
          1,
          1,
          null
        ]
      },
      "/Users/sam/turing/3mod/consultancy/fe-touch-grass-2311/spec/views/users/new.html.erb_spec.rb": {
        "lines": [
          1,
          null,
          1,
          1,
          null
        ]
      },
      "/Users/sam/turing/3mod/consultancy/fe-touch-grass-2311/spec/views/users/show.html.erb_spec.rb": {
        "lines": [
          1,
          null,
          1,
          1,
          null
        ]
      },
      "/Users/sam/turing/3mod/consultancy/fe-touch-grass-2311/spec/views/welcome/index.html.erb_spec.rb": {
        "lines": [
          1,
          null,
          1,
          1,
          null
        ]
      }
    },
    "timestamp": 1712955638
  }
}
